[MongoDB] 2025/07/19 08:13:34 database.go:85: MongoDB connection error: error parsing uri: scheme must be "mongodb" or "mongodb+srv"
[MongoDB] 2025/07/19 08:14:08 database.go:54: Command Started: aggregate {"aggregate": "Users","pipeline": [{"$match": {}},{"$group": {"_id": {"$numberInt":"1"},"n": {"$sum": {"$numberInt":"1"}}}}],"cursor": {},"lsid": {"id": {"$binary":{"base64":"6YdvfrlbT8eAjhroSMLWNw==","subType":"04"}}},"$clusterTime": {"clusterTime": {"$timestamp":{"t":1752902048,"i":2}},"signature": {"hash": {"$binary":{"base64":"injgQWxgW3qTUrljj0Gzms6cqmw=","subType":"00"}},"keyId": {"$numberLong":"7481394487701274629"}}},"$db": "django_auth"}
[MongoDB] 2025/07/19 08:14:09 database.go:60: Command Succeeded: aggregate Duration: 124.438655ms
[MongoDB] 2025/07/19 08:14:09 database.go:54: Command Started: find {"find": "Users","filter": {},"limit": {"$numberLong":"12"},"skip": {"$numberLong":"0"},"lsid": {"id": {"$binary":{"base64":"6YdvfrlbT8eAjhroSMLWNw==","subType":"04"}}},"$clusterTime": {"clusterTime": {"$timestamp":{"t":1752902048,"i":4}},"signature": {"hash": {"$binary":{"base64":"injgQWxgW3qTUrljj0Gzms6cqmw=","subType":"00"}},"keyId": {"$numberLong":"7481394487701274629"}}},"$db": "django_auth"}
[MongoDB] 2025/07/19 08:14:09 database.go:60: Command Succeeded: find Duration: 114.656498ms
[MongoDB] 2025/07/19 08:31:27 database.go:54: Command Started: aggregate {"aggregate": "Users","pipeline": [{"$match": {}},{"$group": {"_id": {"$numberInt":"1"},"n": {"$sum": {"$numberInt":"1"}}}}],"cursor": {},"lsid": {"id": {"$binary":{"base64":"3v6IKo6FRJixc7aKmVXS5g==","subType":"04"}}},"$clusterTime": {"clusterTime": {"$timestamp":{"t":1752903087,"i":2}},"signature": {"hash": {"$binary":{"base64":"5NAXHLu1XOf3TwdSz4Nk3TcDriM=","subType":"00"}},"keyId": {"$numberLong":"7481394487701274629"}}},"$db": "django_auth"}
[MongoDB] 2025/07/19 08:31:28 database.go:60: Command Succeeded: aggregate Duration: 198.895165ms
[MongoDB] 2025/07/19 08:31:28 database.go:54: Command Started: find {"find": "Users","filter": {},"limit": {"$numberLong":"12"},"skip": {"$numberLong":"0"},"lsid": {"id": {"$binary":{"base64":"3v6IKo6FRJixc7aKmVXS5g==","subType":"04"}}},"$clusterTime": {"clusterTime": {"$timestamp":{"t":1752903087,"i":3}},"signature": {"hash": {"$binary":{"base64":"5NAXHLu1XOf3TwdSz4Nk3TcDriM=","subType":"00"}},"keyId": {"$numberLong":"7481394487701274629"}}},"$db": "django_auth"}
[MongoDB] 2025/07/19 08:31:28 database.go:60: Command Succeeded: find Duration: 123.269798ms
[MongoDB] 2025/07/19 08:31:29 database.go:54: Command Started: aggregate {"aggregate": "Users","pipeline": [{"$match": {}},{"$group": {"_id": {"$numberInt":"1"},"n": {"$sum": {"$numberInt":"1"}}}}],"cursor": {},"lsid": {"id": {"$binary":{"base64":"LmxFIIURTyS43pMpjkC5sw==","subType":"04"}}},"$clusterTime": {"clusterTime": {"$timestamp":{"t":1752903089,"i":3}},"signature": {"hash": {"$binary":{"base64":"yQGQ1Pr2M5Cn4tsr6qxb8gCljxQ=","subType":"00"}},"keyId": {"$numberLong":"7481394487701274629"}}},"$db": "django_auth"}
[MongoDB] 2025/07/19 08:31:29 database.go:60: Command Succeeded: aggregate Duration: 115.609364ms
[MongoDB] 2025/07/19 08:31:29 database.go:54: Command Started: find {"find": "Users","filter": {},"limit": {"$numberLong":"12"},"skip": {"$numberLong":"0"},"lsid": {"id": {"$binary":{"base64":"LmxFIIURTyS43pMpjkC5sw==","subType":"04"}}},"$clusterTime": {"clusterTime": {"$timestamp":{"t":1752903089,"i":3}},"signature": {"hash": {"$binary":{"base64":"yQGQ1Pr2M5Cn4tsr6qxb8gCljxQ=","subType":"00"}},"keyId": {"$numberLong":"7481394487701274629"}}},"$db": "django_auth"}
[MongoDB] 2025/07/19 08:31:30 database.go:60: Command Succeeded: find Duration: 108.443804ms
[MongoDB] 2025/07/19 08:31:31 database.go:54: Command Started: aggregate {"aggregate": "Users","pipeline": [{"$match": {}},{"$group": {"_id": {"$numberInt":"1"},"n": {"$sum": {"$numberInt":"1"}}}}],"cursor": {},"lsid": {"id": {"$binary":{"base64":"Ldtm6ZsLSEuRwWXa3Qus/g==","subType":"04"}}},"$clusterTime": {"clusterTime": {"$timestamp":{"t":1752903090,"i":4}},"signature": {"hash": {"$binary":{"base64":"+62JmBp/mw/f1rCjlgHMKzsC248=","subType":"00"}},"keyId": {"$numberLong":"7481394487701274629"}}},"$db": "django_auth"}
[MongoDB] 2025/07/19 08:31:31 database.go:60: Command Succeeded: aggregate Duration: 127.911715ms
[MongoDB] 2025/07/19 08:31:31 database.go:54: Command Started: find {"find": "Users","filter": {},"limit": {"$numberLong":"12"},"skip": {"$numberLong":"0"},"lsid": {"id": {"$binary":{"base64":"Ldtm6ZsLSEuRwWXa3Qus/g==","subType":"04"}}},"$clusterTime": {"clusterTime": {"$timestamp":{"t":1752903090,"i":4}},"signature": {"hash": {"$binary":{"base64":"+62JmBp/mw/f1rCjlgHMKzsC248=","subType":"00"}},"keyId": {"$numberLong":"7481394487701274629"}}},"$db": "django_auth"}
[MongoDB] 2025/07/19 08:31:31 database.go:60: Command Succeeded: find Duration: 141.347371ms
[MongoDB] 2025/07/19 08:32:42 database.go:54: Command Started: aggregate {"aggregate": "Users","pipeline": [{"$match": {}},{"$group": {"_id": {"$numberInt":"1"},"n": {"$sum": {"$numberInt":"1"}}}}],"cursor": {},"lsid": {"id": {"$binary":{"base64":"8zUHJ7BOSZOI1YPB1c895Q==","subType":"04"}}},"$clusterTime": {"clusterTime": {"$timestamp":{"t":1752903161,"i":4}},"signature": {"hash": {"$binary":{"base64":"Y6Ka+r20KRqFwNJKrddcVFF6Bes=","subType":"00"}},"keyId": {"$numberLong":"7481394487701274629"}}},"$db": "django_auth"}
[MongoDB] 2025/07/19 08:32:42 database.go:60: Command Succeeded: aggregate Duration: 121.807094ms
[MongoDB] 2025/07/19 08:32:42 database.go:54: Command Started: find {"find": "Users","filter": {},"limit": {"$numberLong":"12"},"skip": {"$numberLong":"0"},"lsid": {"id": {"$binary":{"base64":"8zUHJ7BOSZOI1YPB1c895Q==","subType":"04"}}},"$clusterTime": {"clusterTime": {"$timestamp":{"t":1752903162,"i":1}},"signature": {"hash": {"$binary":{"base64":"CXgo/xowqaU2HcIhgfcUQB3Y8Sk=","subType":"00"}},"keyId": {"$numberLong":"7481394487701274629"}}},"$db": "django_auth"}
[MongoDB] 2025/07/19 08:32:42 database.go:60: Command Succeeded: find Duration: 109.532153ms
[MongoDB] 2025/07/19 08:32:44 database.go:54: Command Started: aggregate {"aggregate": "Users","pipeline": [{"$match": {}},{"$group": {"_id": {"$numberInt":"1"},"n": {"$sum": {"$numberInt":"1"}}}}],"cursor": {},"lsid": {"id": {"$binary":{"base64":"Jmfe3CYNTfehD60cBWeUVg==","subType":"04"}}},"$clusterTime": {"clusterTime": {"$timestamp":{"t":1752903164,"i":4}},"signature": {"hash": {"$binary":{"base64":"4AXta58zWmWHYDPqPOCaipNc3Mo=","subType":"00"}},"keyId": {"$numberLong":"7481394487701274629"}}},"$db": "django_auth"}
[MongoDB] 2025/07/19 08:32:45 database.go:60: Command Succeeded: aggregate Duration: 130.449668ms
[MongoDB] 2025/07/19 08:32:45 database.go:54: Command Started: find {"find": "Users","filter": {},"limit": {"$numberLong":"12"},"skip": {"$numberLong":"0"},"lsid": {"id": {"$binary":{"base64":"Jmfe3CYNTfehD60cBWeUVg==","subType":"04"}}},"$clusterTime": {"clusterTime": {"$timestamp":{"t":1752903164,"i":5}},"signature": {"hash": {"$binary":{"base64":"4AXta58zWmWHYDPqPOCaipNc3Mo=","subType":"00"}},"keyId": {"$numberLong":"7481394487701274629"}}},"$db": "django_auth"}
[MongoDB] 2025/07/19 08:32:45 database.go:60: Command Succeeded: find Duration: 132.911711ms
[MongoDB] 2025/07/19 08:33:52 database.go:54: Command Started: aggregate {"aggregate": "Users","pipeline": [{"$match": {}},{"$group": {"_id": {"$numberInt":"1"},"n": {"$sum": {"$numberInt":"1"}}}}],"cursor": {},"lsid": {"id": {"$binary":{"base64":"UHLkYTQ/QbqkU3pKavoWzw==","subType":"04"}}},"$clusterTime": {"clusterTime": {"$timestamp":{"t":1752903231,"i":4}},"signature": {"hash": {"$binary":{"base64":"/5JTsa9LbShqm6UWHAR5qMUxOvo=","subType":"00"}},"keyId": {"$numberLong":"7481394487701274629"}}},"$db": "django_auth"}
[MongoDB] 2025/07/19 08:33:52 database.go:60: Command Succeeded: aggregate Duration: 113.754012ms
[MongoDB] 2025/07/19 08:33:52 database.go:54: Command Started: find {"find": "Users","filter": {},"limit": {"$numberLong":"12"},"skip": {"$numberLong":"0"},"lsid": {"id": {"$binary":{"base64":"UHLkYTQ/QbqkU3pKavoWzw==","subType":"04"}}},"$clusterTime": {"clusterTime": {"$timestamp":{"t":1752903232,"i":1}},"signature": {"hash": {"$binary":{"base64":"U0AgPlhrtjvuVTXd1ictdCg0ABw=","subType":"00"}},"keyId": {"$numberLong":"7481394487701274629"}}},"$db": "django_auth"}
[MongoDB] 2025/07/19 08:33:52 database.go:60: Command Succeeded: find Duration: 133.636295ms
[MongoDB] 2025/07/19 08:33:54 database.go:54: Command Started: aggregate {"aggregate": "Users","pipeline": [{"$match": {}},{"$group": {"_id": {"$numberInt":"1"},"n": {"$sum": {"$numberInt":"1"}}}}],"cursor": {},"lsid": {"id": {"$binary":{"base64":"8hmS79EQSSW6VkT76Gle9g==","subType":"04"}}},"$clusterTime": {"clusterTime": {"$timestamp":{"t":1752903233,"i":5}},"signature": {"hash": {"$binary":{"base64":"h+jayd8RUf4imKuHQ9y6wM7kb3c=","subType":"00"}},"keyId": {"$numberLong":"7481394487701274629"}}},"$db": "django_auth"}
[MongoDB] 2025/07/19 08:33:54 database.go:60: Command Succeeded: aggregate Duration: 143.64107ms
[MongoDB] 2025/07/19 08:33:54 database.go:54: Command Started: find {"find": "Users","filter": {},"limit": {"$numberLong":"12"},"skip": {"$numberLong":"0"},"lsid": {"id": {"$binary":{"base64":"8hmS79EQSSW6VkT76Gle9g==","subType":"04"}}},"$clusterTime": {"clusterTime": {"$timestamp":{"t":1752903233,"i":5}},"signature": {"hash": {"$binary":{"base64":"h+jayd8RUf4imKuHQ9y6wM7kb3c=","subType":"00"}},"keyId": {"$numberLong":"7481394487701274629"}}},"$db": "django_auth"}
[MongoDB] 2025/07/19 08:33:54 database.go:60: Command Succeeded: find Duration: 122.306493ms
[MongoDB] 2025/07/19 08:39:23 database.go:54: Command Started: aggregate {"aggregate": "Users","pipeline": [{"$match": {}},{"$group": {"_id": {"$numberInt":"1"},"n": {"$sum": {"$numberInt":"1"}}}}],"cursor": {},"lsid": {"id": {"$binary":{"base64":"GL52zS00TkaKSpWeKxF8mw==","subType":"04"}}},"$clusterTime": {"clusterTime": {"$timestamp":{"t":1752903562,"i":4}},"signature": {"hash": {"$binary":{"base64":"4H/MNRqW/rvgVkJ813+5ve+cvtY=","subType":"00"}},"keyId": {"$numberLong":"7481394487701274629"}}},"$db": "django_auth"}
[MongoDB] 2025/07/19 08:39:23 database.go:60: Command Succeeded: aggregate Duration: 110.721247ms
[MongoDB] 2025/07/19 08:39:23 database.go:54: Command Started: find {"find": "Users","filter": {},"limit": {"$numberLong":"12"},"skip": {"$numberLong":"0"},"lsid": {"id": {"$binary":{"base64":"GL52zS00TkaKSpWeKxF8mw==","subType":"04"}}},"$clusterTime": {"clusterTime": {"$timestamp":{"t":1752903562,"i":5}},"signature": {"hash": {"$binary":{"base64":"4H/MNRqW/rvgVkJ813+5ve+cvtY=","subType":"00"}},"keyId": {"$numberLong":"7481394487701274629"}}},"$db": "django_auth"}
[MongoDB] 2025/07/19 08:39:23 database.go:60: Command Succeeded: find Duration: 108.979779ms
[MongoDB] 2025/07/19 08:39:25 database.go:54: Command Started: aggregate {"aggregate": "Users","pipeline": [{"$match": {}},{"$group": {"_id": {"$numberInt":"1"},"n": {"$sum": {"$numberInt":"1"}}}}],"cursor": {},"lsid": {"id": {"$binary":{"base64":"RYa1h67/SlKr2MruPpAdvw==","subType":"04"}}},"$clusterTime": {"clusterTime": {"$timestamp":{"t":1752903564,"i":4}},"signature": {"hash": {"$binary":{"base64":"m4G12d7hBQaBJS4SzS8sjdW94QE=","subType":"00"}},"keyId": {"$numberLong":"7481394487701274629"}}},"$db": "django_auth"}
[MongoDB] 2025/07/19 08:39:25 database.go:60: Command Succeeded: aggregate Duration: 108.662995ms
[MongoDB] 2025/07/19 08:39:25 database.go:54: Command Started: find {"find": "Users","filter": {},"limit": {"$numberLong":"12"},"skip": {"$numberLong":"0"},"lsid": {"id": {"$binary":{"base64":"RYa1h67/SlKr2MruPpAdvw==","subType":"04"}}},"$clusterTime": {"clusterTime": {"$timestamp":{"t":1752903565,"i":1}},"signature": {"hash": {"$binary":{"base64":"Walos4lzwolv6y/TGa+ohaNmRV0=","subType":"00"}},"keyId": {"$numberLong":"7481394487701274629"}}},"$db": "django_auth"}
[MongoDB] 2025/07/19 08:39:25 database.go:60: Command Succeeded: find Duration: 121.904071ms
[MongoDB] 2025/07/19 08:39:26 database.go:54: Command Started: aggregate {"aggregate": "Users","pipeline": [{"$match": {}},{"$group": {"_id": {"$numberInt":"1"},"n": {"$sum": {"$numberInt":"1"}}}}],"cursor": {},"lsid": {"id": {"$binary":{"base64":"TvcogrqSQpiYBGh8mAq1YA==","subType":"04"}}},"$clusterTime": {"clusterTime": {"$timestamp":{"t":1752903566,"i":1}},"signature": {"hash": {"$binary":{"base64":"2Vs8+/ckDEPQXZ3nzVjxIYuCmV0=","subType":"00"}},"keyId": {"$numberLong":"7481394487701274629"}}},"$db": "django_auth"}
[MongoDB] 2025/07/19 08:39:26 database.go:60: Command Succeeded: aggregate Duration: 122.46805ms
[MongoDB] 2025/07/19 08:39:26 database.go:54: Command Started: find {"find": "Users","filter": {},"limit": {"$numberLong":"12"},"skip": {"$numberLong":"0"},"lsid": {"id": {"$binary":{"base64":"TvcogrqSQpiYBGh8mAq1YA==","subType":"04"}}},"$clusterTime": {"clusterTime": {"$timestamp":{"t":1752903566,"i":2}},"signature": {"hash": {"$binary":{"base64":"2Vs8+/ckDEPQXZ3nzVjxIYuCmV0=","subType":"00"}},"keyId": {"$numberLong":"7481394487701274629"}}},"$db": "django_auth"}
[MongoDB] 2025/07/19 08:39:26 database.go:60: Command Succeeded: find Duration: 109.555456ms
[MongoDB] 2025/07/19 08:41:47 database.go:54: Command Started: aggregate {"aggregate": "Users","pipeline": [{"$match": {}},{"$group": {"_id": {"$numberInt":"1"},"n": {"$sum": {"$numberInt":"1"}}}}],"cursor": {},"lsid": {"id": {"$binary":{"base64":"1y2YvVHTQViB1HTwsfwvDg==","subType":"04"}}},"$clusterTime": {"clusterTime": {"$timestamp":{"t":1752903706,"i":5}},"signature": {"hash": {"$binary":{"base64":"oDt6FoXkbd0+KnzPG5PVYYgIhgM=","subType":"00"}},"keyId": {"$numberLong":"7481394487701274629"}}},"$db": "django_auth"}
[MongoDB] 2025/07/19 08:41:47 database.go:60: Command Succeeded: aggregate Duration: 177.311847ms
[MongoDB] 2025/07/19 08:41:47 database.go:54: Command Started: find {"find": "Users","filter": {},"limit": {"$numberLong":"12"},"skip": {"$numberLong":"0"},"lsid": {"id": {"$binary":{"base64":"1y2YvVHTQViB1HTwsfwvDg==","subType":"04"}}},"$clusterTime": {"clusterTime": {"$timestamp":{"t":1752903707,"i":1}},"signature": {"hash": {"$binary":{"base64":"NJz/1VTujZe4Q1sfVAJhxYB23pM=","subType":"00"}},"keyId": {"$numberLong":"7481394487701274629"}}},"$db": "django_auth"}
[MongoDB] 2025/07/19 08:41:47 database.go:60: Command Succeeded: find Duration: 193.454071ms
[MongoDB] 2025/07/19 08:45:06 database.go:54: Command Started: aggregate {"aggregate": "Users","pipeline": [{"$match": {}},{"$group": {"_id": {"$numberInt":"1"},"n": {"$sum": {"$numberInt":"1"}}}}],"cursor": {},"lsid": {"id": {"$binary":{"base64":"BEL+caa/Tl6vYAr1tSK5Cg==","subType":"04"}}},"$clusterTime": {"clusterTime": {"$timestamp":{"t":1752903905,"i":3}},"signature": {"hash": {"$binary":{"base64":"IJO2Jm42wDuttI9xMUavCbh2jgs=","subType":"00"}},"keyId": {"$numberLong":"7481394487701274629"}}},"$db": "django_auth"}
[MongoDB] 2025/07/19 08:45:06 database.go:60: Command Succeeded: aggregate Duration: 215.490992ms
[MongoDB] 2025/07/19 08:45:06 database.go:54: Command Started: find {"find": "Users","filter": {},"limit": {"$numberLong":"12"},"skip": {"$numberLong":"0"},"lsid": {"id": {"$binary":{"base64":"BEL+caa/Tl6vYAr1tSK5Cg==","subType":"04"}}},"$clusterTime": {"clusterTime": {"$timestamp":{"t":1752903906,"i":3}},"signature": {"hash": {"$binary":{"base64":"kyjfwHXQ9fafWeL3QBtUFZVJMho=","subType":"00"}},"keyId": {"$numberLong":"7481394487701274629"}}},"$db": "django_auth"}
[MongoDB] 2025/07/19 08:45:06 database.go:60: Command Succeeded: find Duration: 219.557171ms
[MongoDB] 2025/07/19 08:45:08 database.go:54: Command Started: aggregate {"aggregate": "Users","pipeline": [{"$match": {}},{"$group": {"_id": {"$numberInt":"1"},"n": {"$sum": {"$numberInt":"1"}}}}],"cursor": {},"lsid": {"id": {"$binary":{"base64":"/BLyv0UwSy60vAGVNfq7bg==","subType":"04"}}},"$clusterTime": {"clusterTime": {"$timestamp":{"t":1752903908,"i":1}},"signature": {"hash": {"$binary":{"base64":"b4xT3zXB5H1lbZr3YGnVDlMnFbs=","subType":"00"}},"keyId": {"$numberLong":"7481394487701274629"}}},"$db": "django_auth"}
[MongoDB] 2025/07/19 08:45:09 database.go:60: Command Succeeded: aggregate Duration: 214.306084ms
[MongoDB] 2025/07/19 08:45:09 database.go:54: Command Started: find {"find": "Users","filter": {},"limit": {"$numberLong":"12"},"skip": {"$numberLong":"0"},"lsid": {"id": {"$binary":{"base64":"/BLyv0UwSy60vAGVNfq7bg==","subType":"04"}}},"$clusterTime": {"clusterTime": {"$timestamp":{"t":1752903908,"i":3}},"signature": {"hash": {"$binary":{"base64":"b4xT3zXB5H1lbZr3YGnVDlMnFbs=","subType":"00"}},"keyId": {"$numberLong":"7481394487701274629"}}},"$db": "django_auth"}
[MongoDB] 2025/07/19 08:45:09 database.go:60: Command Succeeded: find Duration: 219.566922ms
[MongoDB] 2025/07/19 08:58:36 database.go:54: Command Started: aggregate {"aggregate": "Users","pipeline": [{"$match": {}},{"$group": {"_id": {"$numberInt":"1"},"n": {"$sum": {"$numberInt":"1"}}}}],"cursor": {},"lsid": {"id": {"$binary":{"base64":"cRqpedbQTUSz38WdpVQZXQ==","subType":"04"}}},"$clusterTime": {"clusterTime": {"$timestamp":{"t":1752904716,"i":2}},"signature": {"hash": {"$binary":{"base64":"OD1JS0L1lRqYO6u5SUuXFJZOkuw=","subType":"00"}},"keyId": {"$numberLong":"7481394487701274629"}}},"$db": "django_auth"}
[MongoDB] 2025/07/19 08:58:37 database.go:60: Command Succeeded: aggregate Duration: 220.02034ms
[MongoDB] 2025/07/19 08:58:37 database.go:54: Command Started: find {"find": "Users","filter": {},"limit": {"$numberLong":"12"},"skip": {"$numberLong":"0"},"lsid": {"id": {"$binary":{"base64":"cRqpedbQTUSz38WdpVQZXQ==","subType":"04"}}},"$clusterTime": {"clusterTime": {"$timestamp":{"t":1752904716,"i":7}},"signature": {"hash": {"$binary":{"base64":"OD1JS0L1lRqYO6u5SUuXFJZOkuw=","subType":"00"}},"keyId": {"$numberLong":"7481394487701274629"}}},"$db": "django_auth"}
[MongoDB] 2025/07/19 08:58:37 database.go:60: Command Succeeded: find Duration: 216.562156ms
[MongoDB] 2025/07/19 09:02:17 database.go:54: Command Started: aggregate {"aggregate": "Users","pipeline": [{"$match": {}},{"$group": {"_id": {"$numberInt":"1"},"n": {"$sum": {"$numberInt":"1"}}}}],"cursor": {},"lsid": {"id": {"$binary":{"base64":"RC4SwTfFTl64VYx30mMdhQ==","subType":"04"}}},"$clusterTime": {"clusterTime": {"$timestamp":{"t":1752904936,"i":3}},"signature": {"hash": {"$binary":{"base64":"RokNodkbcE9yI5/Y2I58mdrDwJM=","subType":"00"}},"keyId": {"$numberLong":"7481394487701274629"}}},"$db": "django_auth"}
[MongoDB] 2025/07/19 09:02:17 database.go:60: Command Succeeded: aggregate Duration: 220.916814ms
[MongoDB] 2025/07/19 09:02:17 database.go:54: Command Started: find {"find": "Users","filter": {},"limit": {"$numberLong":"12"},"skip": {"$numberLong":"0"},"lsid": {"id": {"$binary":{"base64":"RC4SwTfFTl64VYx30mMdhQ==","subType":"04"}}},"$clusterTime": {"clusterTime": {"$timestamp":{"t":1752904936,"i":5}},"signature": {"hash": {"$binary":{"base64":"RokNodkbcE9yI5/Y2I58mdrDwJM=","subType":"00"}},"keyId": {"$numberLong":"7481394487701274629"}}},"$db": "django_auth"}
[MongoDB] 2025/07/19 09:02:17 database.go:60: Command Succeeded: find Duration: 216.025902ms
[MongoDB] 2025/07/19 09:02:19 database.go:54: Command Started: aggregate {"aggregate": "Users","pipeline": [{"$match": {}},{"$group": {"_id": {"$numberInt":"1"},"n": {"$sum": {"$numberInt":"1"}}}}],"cursor": {},"lsid": {"id": {"$binary":{"base64":"jRzExpjWRluxAzIb8CXmRQ==","subType":"04"}}},"$clusterTime": {"clusterTime": {"$timestamp":{"t":1752904938,"i":2}},"signature": {"hash": {"$binary":{"base64":"cYNK2YHBenEf8lrjvm9cj3kPk/g=","subType":"00"}},"keyId": {"$numberLong":"7481394487701274629"}}},"$db": "django_auth"}
[MongoDB] 2025/07/19 09:02:19 database.go:60: Command Succeeded: aggregate Duration: 215.108259ms
[MongoDB] 2025/07/19 09:02:19 database.go:54: Command Started: find {"find": "Users","filter": {},"limit": {"$numberLong":"12"},"skip": {"$numberLong":"0"},"lsid": {"id": {"$binary":{"base64":"jRzExpjWRluxAzIb8CXmRQ==","subType":"04"}}},"$clusterTime": {"clusterTime": {"$timestamp":{"t":1752904939,"i":10}},"signature": {"hash": {"$binary":{"base64":"Tk//SO1e/waGM1DwWWDz18GOOrw=","subType":"00"}},"keyId": {"$numberLong":"7481394487701274629"}}},"$db": "django_auth"}
[MongoDB] 2025/07/19 09:02:20 database.go:60: Command Succeeded: find Duration: 215.502404ms
[MongoDB] 2025/07/19 09:06:41 database.go:54: Command Started: aggregate {"aggregate": "Users","pipeline": [{"$match": {}},{"$group": {"_id": {"$numberInt":"1"},"n": {"$sum": {"$numberInt":"1"}}}}],"cursor": {},"lsid": {"id": {"$binary":{"base64":"6tG2s1otQDi8j27sAsBu6Q==","subType":"04"}}},"$clusterTime": {"clusterTime": {"$timestamp":{"t":1752905201,"i":1}},"signature": {"hash": {"$binary":{"base64":"l9X3bbqz1TYp5fqcxOCcdAs6+2g=","subType":"00"}},"keyId": {"$numberLong":"7481394487701274629"}}},"$db": "django_auth"}
[MongoDB] 2025/07/19 09:06:41 database.go:60: Command Succeeded: aggregate Duration: 214.054863ms
[MongoDB] 2025/07/19 09:06:41 database.go:54: Command Started: find {"find": "Users","filter": {},"limit": {"$numberLong":"12"},"skip": {"$numberLong":"0"},"lsid": {"id": {"$binary":{"base64":"6tG2s1otQDi8j27sAsBu6Q==","subType":"04"}}},"$clusterTime": {"clusterTime": {"$timestamp":{"t":1752905201,"i":7}},"signature": {"hash": {"$binary":{"base64":"l9X3bbqz1TYp5fqcxOCcdAs6+2g=","subType":"00"}},"keyId": {"$numberLong":"7481394487701274629"}}},"$db": "django_auth"}
[MongoDB] 2025/07/19 09:06:42 database.go:60: Command Succeeded: find Duration: 215.689846ms
[MongoDB] 2025/07/19 09:06:54 database.go:54: Command Started: find {"find": "Users","filter": {"_id": {"$oid":"6878ccf237d12f33e0eca36c"}},"limit": {"$numberLong":"1"},"singleBatch": true,"lsid": {"id": {"$binary":{"base64":"8oK3n0CqSe2+aaITnq99Gw==","subType":"04"}}},"$clusterTime": {"clusterTime": {"$timestamp":{"t":1752905213,"i":5}},"signature": {"hash": {"$binary":{"base64":"Ch8OygHEOWiVTYj+HDudEWoSYmI=","subType":"00"}},"keyId": {"$numberLong":"7481394487701274629"}}},"$db": "django_auth"}
[MongoDB] 2025/07/19 09:06:55 database.go:60: Command Succeeded: find Duration: 409.504266ms
[MongoDB] 2025/07/19 09:14:13 database.go:54: Command Started: find {"find": "Users","filter": {"_id": {"$oid":"6878ccf237d12f33e0eca36c"}},"limit": {"$numberLong":"1"},"singleBatch": true,"lsid": {"id": {"$binary":{"base64":"SQ+eFLJQS8W6vGLnNJbp1g==","subType":"04"}}},"$clusterTime": {"clusterTime": {"$timestamp":{"t":1752905652,"i":2}},"signature": {"hash": {"$binary":{"base64":"DtSuRI4mxQla4IFbxBtHs/8965g=","subType":"00"}},"keyId": {"$numberLong":"7481394487701274629"}}},"$db": "django_auth"}
[MongoDB] 2025/07/19 09:14:13 database.go:60: Command Succeeded: find Duration: 370.617027ms
[MongoDB] 2025/07/19 09:14:28 database.go:54: Command Started: find {"find": "Users","filter": {"_id": {"$oid":"6878ccf237d12f33e0eca36c"}},"limit": {"$numberLong":"1"},"singleBatch": true,"lsid": {"id": {"$binary":{"base64":"Gclg1mA6QL2CG9pD/geeSQ==","subType":"04"}}},"$clusterTime": {"clusterTime": {"$timestamp":{"t":1752905667,"i":2}},"signature": {"hash": {"$binary":{"base64":"OygNV/W8o4kbtdkxBnKh8dk2U4M=","subType":"00"}},"keyId": {"$numberLong":"7481394487701274629"}}},"$db": "django_auth"}
[MongoDB] 2025/07/19 09:14:28 database.go:60: Command Succeeded: find Duration: 424.283202ms
[MongoDB] 2025/07/19 09:14:39 database.go:54: Command Started: find {"find": "Users","filter": {"_id": {"$oid":"6878ccf237d12f33e0eca36c"}},"limit": {"$numberLong":"1"},"singleBatch": true,"lsid": {"id": {"$binary":{"base64":"DnKGE/a4TO2IHiSgysFg2Q==","subType":"04"}}},"$clusterTime": {"clusterTime": {"$timestamp":{"t":1752905678,"i":3}},"signature": {"hash": {"$binary":{"base64":"cfYy2HmZDkiLb35u/oJZ4VBMEAk=","subType":"00"}},"keyId": {"$numberLong":"7481394487701274629"}}},"$db": "django_auth"}
[MongoDB] 2025/07/19 09:14:39 database.go:60: Command Succeeded: find Duration: 314.08103ms
[MongoDB] 2025/07/19 09:14:42 database.go:54: Command Started: find {"find": "Users","filter": {"_id": {"$oid":"6878ccf237d12f33e0eca36c"}},"limit": {"$numberLong":"1"},"singleBatch": true,"lsid": {"id": {"$binary":{"base64":"yTsjzkX/Sj69u6PUeM8HmA==","subType":"04"}}},"$clusterTime": {"clusterTime": {"$timestamp":{"t":1752905681,"i":3}},"signature": {"hash": {"$binary":{"base64":"DAJJhprbvEbRt9OA9goraqvkduU=","subType":"00"}},"keyId": {"$numberLong":"7481394487701274629"}}},"$db": "django_auth"}
[MongoDB] 2025/07/19 09:14:42 database.go:60: Command Succeeded: find Duration: 257.433423ms
[MongoDB] 2025/07/19 09:16:07 database.go:54: Command Started: find {"find": "Users","filter": {"_id": {"$oid":"6878ccf237d12f33e0eca36c"}},"limit": {"$numberLong":"1"},"singleBatch": true,"lsid": {"id": {"$binary":{"base64":"u0Q2hY34ThOSXF7eUO0sSw==","subType":"04"}}},"$clusterTime": {"clusterTime": {"$timestamp":{"t":1752905766,"i":3}},"signature": {"hash": {"$binary":{"base64":"wZ6uX6pKeJAiNSIHsgaVzmewdFY=","subType":"00"}},"keyId": {"$numberLong":"7481394487701274629"}}},"$db": "django_auth"}
[MongoDB] 2025/07/19 09:16:07 database.go:60: Command Succeeded: find Duration: 272.827177ms
[MongoDB] 2025/07/19 09:18:19 database.go:54: Command Started: find {"find": "Users","filter": {"_id": {"$oid":"6878ccf237d12f33e0eca36c"}},"limit": {"$numberLong":"1"},"singleBatch": true,"lsid": {"id": {"$binary":{"base64":"S2GDdaZnSXy0mwnYv3TPwg==","subType":"04"}}},"$clusterTime": {"clusterTime": {"$timestamp":{"t":1752905898,"i":4}},"signature": {"hash": {"$binary":{"base64":"eoDAxMpnzqZwcP2GRdI8GjlccOo=","subType":"00"}},"keyId": {"$numberLong":"7481394487701274629"}}},"$db": "django_auth"}
[MongoDB] 2025/07/19 09:18:19 database.go:60: Command Succeeded: find Duration: 218.441678ms
[MongoDB] 2025/07/19 09:18:20 database.go:54: Command Started: find {"find": "Users","filter": {"_id": {"$oid":"6878ccf237d12f33e0eca36c"}},"limit": {"$numberLong":"1"},"singleBatch": true,"lsid": {"id": {"$binary":{"base64":"9yOB2FHqRm6gvgpmkG4YcQ==","subType":"04"}}},"$clusterTime": {"clusterTime": {"$timestamp":{"t":1752905900,"i":2}},"signature": {"hash": {"$binary":{"base64":"eDd5DcP5GowuqX1yrXKWnO0JEBE=","subType":"00"}},"keyId": {"$numberLong":"7481394487701274629"}}},"$db": "django_auth"}
[MongoDB] 2025/07/19 09:18:21 database.go:60: Command Succeeded: find Duration: 212.836204ms
[MongoDB] 2025/07/19 09:18:46 database.go:54: Command Started: find {"find": "Users","filter": {"_id": {"$oid":"6878ccf237d12f33e0eca36c"}},"limit": {"$numberLong":"1"},"singleBatch": true,"lsid": {"id": {"$binary":{"base64":"uZKuya2CSAmRCfV0R1z91A==","subType":"04"}}},"$clusterTime": {"clusterTime": {"$timestamp":{"t":1752905925,"i":3}},"signature": {"hash": {"$binary":{"base64":"47PgvQGyy3OvGRFnnMmG/X2vC7Q=","subType":"00"}},"keyId": {"$numberLong":"7481394487701274629"}}},"$db": "django_auth"}
[MongoDB] 2025/07/19 09:18:46 database.go:60: Command Succeeded: find Duration: 247.114644ms
[MongoDB] 2025/07/19 09:21:07 database.go:54: Command Started: find {"find": "Users","filter": {"_id": {"$oid":"6878ccf237d12f33e0eca36c"}},"limit": {"$numberLong":"1"},"singleBatch": true,"lsid": {"id": {"$binary":{"base64":"gXHpFiQQTyyksXs79oZing==","subType":"04"}}},"$clusterTime": {"clusterTime": {"$timestamp":{"t":1752906066,"i":2}},"signature": {"hash": {"$binary":{"base64":"+8be4hJU2KGR9E0L31SG/f5CDEE=","subType":"00"}},"keyId": {"$numberLong":"7481394487701274629"}}},"$db": "django_auth"}
[MongoDB] 2025/07/19 09:21:07 database.go:60: Command Succeeded: find Duration: 236.819256ms
[MongoDB] 2025/07/19 09:21:11 database.go:54: Command Started: find {"find": "Users","filter": {"_id": {"$oid":"6878ccf237d12f33e0eca36c"}},"limit": {"$numberLong":"1"},"singleBatch": true,"lsid": {"id": {"$binary":{"base64":"NNCHn6WeTMqIOZznfikVHQ==","subType":"04"}}},"$clusterTime": {"clusterTime": {"$timestamp":{"t":1752906070,"i":4}},"signature": {"hash": {"$binary":{"base64":"fUN+mdQ8Yr5XNdxPD5hUIscA3Hc=","subType":"00"}},"keyId": {"$numberLong":"7481394487701274629"}}},"$db": "django_auth"}
[MongoDB] 2025/07/19 09:21:11 database.go:60: Command Succeeded: find Duration: 287.192933ms
[MongoDB] 2025/07/19 09:23:53 database.go:54: Command Started: find {"find": "Users","filter": {"_id": {"$oid":"6878ccf237d12f33e0eca36c"}},"limit": {"$numberLong":"1"},"singleBatch": true,"lsid": {"id": {"$binary":{"base64":"VOAibOwPTUGQ8W0f4xPWBA==","subType":"04"}}},"$clusterTime": {"clusterTime": {"$timestamp":{"t":1752906231,"i":5}},"signature": {"hash": {"$binary":{"base64":"5NHYAaiW96VcYzb3PAqg+gTlIUI=","subType":"00"}},"keyId": {"$numberLong":"7481394487701274629"}}},"$db": "django_auth"}
[MongoDB] 2025/07/19 09:23:54 database.go:60: Command Succeeded: find Duration: 529.363546ms
[MongoDB] 2025/07/19 09:23:58 database.go:54: Command Started: find {"find": "Users","filter": {"_id": {"$oid":"6878ccf237d12f33e0eca36c"}},"limit": {"$numberLong":"1"},"singleBatch": true,"lsid": {"id": {"$binary":{"base64":"d/Qi1YwaTQiGZXYZCrMqsA==","subType":"04"}}},"$clusterTime": {"clusterTime": {"$timestamp":{"t":1752906237,"i":1}},"signature": {"hash": {"$binary":{"base64":"UxTF7AmTBN/T+l3smddRFKdXinc=","subType":"00"}},"keyId": {"$numberLong":"7481394487701274629"}}},"$db": "django_auth"}
[MongoDB] 2025/07/19 09:23:59 database.go:60: Command Succeeded: find Duration: 437.34599ms
[MongoDB] 2025/07/19 09:27:27 database.go:54: Command Started: aggregate {"aggregate": "Users","pipeline": [{"$match": {}},{"$group": {"_id": {"$numberInt":"1"},"n": {"$sum": {"$numberInt":"1"}}}}],"cursor": {},"lsid": {"id": {"$binary":{"base64":"cZ70hH7zTG2rqTkHKgc+Ig==","subType":"04"}}},"$clusterTime": {"clusterTime": {"$timestamp":{"t":1752906447,"i":2}},"signature": {"hash": {"$binary":{"base64":"mp8gzxYvIIMtU6TqDqi5m+KJBmc=","subType":"00"}},"keyId": {"$numberLong":"7481394487701274629"}}},"$db": "django_auth"}
[MongoDB] 2025/07/19 09:27:27 database.go:60: Command Succeeded: aggregate Duration: 215.846646ms
[MongoDB] 2025/07/19 09:27:27 database.go:54: Command Started: find {"find": "Users","filter": {},"limit": {"$numberLong":"12"},"skip": {"$numberLong":"0"},"lsid": {"id": {"$binary":{"base64":"cZ70hH7zTG2rqTkHKgc+Ig==","subType":"04"}}},"$clusterTime": {"clusterTime": {"$timestamp":{"t":1752906447,"i":3}},"signature": {"hash": {"$binary":{"base64":"mp8gzxYvIIMtU6TqDqi5m+KJBmc=","subType":"00"}},"keyId": {"$numberLong":"7481394487701274629"}}},"$db": "django_auth"}
[MongoDB] 2025/07/19 09:27:28 database.go:60: Command Succeeded: find Duration: 217.328158ms
[MongoDB] 2025/07/19 09:29:25 database.go:54: Command Started: aggregate {"aggregate": "Users","pipeline": [{"$match": {}},{"$group": {"_id": {"$numberInt":"1"},"n": {"$sum": {"$numberInt":"1"}}}}],"cursor": {},"lsid": {"id": {"$binary":{"base64":"i43xmeFeTDyc7wFOrWb6yA==","subType":"04"}}},"$clusterTime": {"clusterTime": {"$timestamp":{"t":1752906564,"i":3}},"signature": {"hash": {"$binary":{"base64":"/YaT3kqYCHynHlAofOJaIrne8YE=","subType":"00"}},"keyId": {"$numberLong":"7481394487701274629"}}},"$db": "django_auth"}
[MongoDB] 2025/07/19 09:29:25 database.go:60: Command Succeeded: aggregate Duration: 223.94346ms
[MongoDB] 2025/07/19 09:29:25 database.go:54: Command Started: find {"find": "Users","filter": {},"limit": {"$numberLong":"12"},"skip": {"$numberLong":"0"},"lsid": {"id": {"$binary":{"base64":"i43xmeFeTDyc7wFOrWb6yA==","subType":"04"}}},"$clusterTime": {"clusterTime": {"$timestamp":{"t":1752906565,"i":4}},"signature": {"hash": {"$binary":{"base64":"5umrh88wxzeE/RL61mBWy9ZjFkY=","subType":"00"}},"keyId": {"$numberLong":"7481394487701274629"}}},"$db": "django_auth"}
[MongoDB] 2025/07/19 09:29:26 database.go:60: Command Succeeded: find Duration: 229.572638ms
[MongoDB] 2025/07/19 09:30:26 database.go:54: Command Started: find {"find": "Users","filter": {"_id": {"$oid":"6878ccf237d12f33e0eca36c"}},"limit": {"$numberLong":"1"},"singleBatch": true,"lsid": {"id": {"$binary":{"base64":"YNmhc4VwSPGMjoj8qrwi2A==","subType":"04"}}},"$clusterTime": {"clusterTime": {"$timestamp":{"t":1752906625,"i":2}},"signature": {"hash": {"$binary":{"base64":"ckVWOoqeCd1+MT63Ceps1KMClio=","subType":"00"}},"keyId": {"$numberLong":"7481394487701274629"}}},"$db": "django_auth"}
[MongoDB] 2025/07/19 09:30:26 database.go:60: Command Succeeded: find Duration: 217.673424ms
[MongoDB] 2025/07/19 09:39:53 database.go:54: Command Started: find {"find": "Users","filter": {"_id": {"$oid":"6878ccf237d12f33e0eca36c"}},"limit": {"$numberLong":"1"},"singleBatch": true,"lsid": {"id": {"$binary":{"base64":"c0OngokPSlKWWAmCv9pQag==","subType":"04"}}},"$clusterTime": {"clusterTime": {"$timestamp":{"t":1752907193,"i":1}},"signature": {"hash": {"$binary":{"base64":"8XpEtwkgL/7TynZffr0noTFweyg=","subType":"00"}},"keyId": {"$numberLong":"7481394487701274629"}}},"$db": "django_auth"}
[MongoDB] 2025/07/19 09:39:53 database.go:60: Command Succeeded: find Duration: 213.779684ms
[MongoDB] 2025/07/19 09:48:35 database.go:54: Command Started: find {"find": "Users","filter": {"_id": {"$oid":"6878ccf237d12f33e0eca36c"}},"limit": {"$numberLong":"1"},"singleBatch": true,"lsid": {"id": {"$binary":{"base64":"f3n7asP3S+e8Gg8c3FMopg==","subType":"04"}}},"$clusterTime": {"clusterTime": {"$timestamp":{"t":1752907715,"i":2}},"signature": {"hash": {"$binary":{"base64":"yaD0Jvmw7kDYR/HT0jKrlPuwxSA=","subType":"00"}},"keyId": {"$numberLong":"7481394487701274629"}}},"$db": "django_auth"}
[MongoDB] 2025/07/19 09:48:36 database.go:60: Command Succeeded: find Duration: 217.048508ms
[MongoDB] 2025/07/19 09:48:38 database.go:54: Command Started: find {"find": "Users","filter": {"_id": {"$oid":"6878ccf237d12f33e0eca36c"}},"limit": {"$numberLong":"1"},"singleBatch": true,"lsid": {"id": {"$binary":{"base64":"4gdaXToBTLupeh2ygSQBSg==","subType":"04"}}},"$clusterTime": {"clusterTime": {"$timestamp":{"t":1752907717,"i":4}},"signature": {"hash": {"$binary":{"base64":"AjQg2a7f/7E8/0h+lsXoBxIgPdI=","subType":"00"}},"keyId": {"$numberLong":"7481394487701274629"}}},"$db": "django_auth"}
[MongoDB] 2025/07/19 09:48:38 database.go:60: Command Succeeded: find Duration: 214.090593ms
[MongoDB] 2025/07/19 09:48:54 database.go:54: Command Started: find {"find": "Users","filter": {"_id": {"$oid":"6878ccf237d12f33e0eca36c"}},"limit": {"$numberLong":"1"},"singleBatch": true,"lsid": {"id": {"$binary":{"base64":"j4B9mj5sScev0FRqsEJ+og==","subType":"04"}}},"$clusterTime": {"clusterTime": {"$timestamp":{"t":1752907734,"i":1}},"signature": {"hash": {"$binary":{"base64":"ag7MfUYsFm5CU/Iwpb8VQQjqTuw=","subType":"00"}},"keyId": {"$numberLong":"7481394487701274629"}}},"$db": "django_auth"}
[MongoDB] 2025/07/19 09:48:55 database.go:60: Command Succeeded: find Duration: 217.797946ms
[MongoDB] 2025/07/19 09:49:18 database.go:54: Command Started: find {"find": "Users","filter": {"_id": {"$oid":"6878ccf237d12f33e0eca36c"}},"limit": {"$numberLong":"1"},"singleBatch": true,"lsid": {"id": {"$binary":{"base64":"KR6uenyaRI2eL7RPIRheVA==","subType":"04"}}},"$clusterTime": {"clusterTime": {"$timestamp":{"t":1752907758,"i":1}},"signature": {"hash": {"$binary":{"base64":"WOwzAt+H3+9uVaOPQEDGA53zba0=","subType":"00"}},"keyId": {"$numberLong":"7481394487701274629"}}},"$db": "django_auth"}
[MongoDB] 2025/07/19 09:49:19 database.go:60: Command Succeeded: find Duration: 215.006972ms
[MongoDB] 2025/07/19 09:49:21 database.go:54: Command Started: find {"find": "Users","filter": {"_id": {"$oid":"6878ccf237d12f33e0eca36c"}},"limit": {"$numberLong":"1"},"singleBatch": true,"lsid": {"id": {"$binary":{"base64":"pwBU6qBcShGTENSKeOHcUg==","subType":"04"}}},"$clusterTime": {"clusterTime": {"$timestamp":{"t":1752907760,"i":3}},"signature": {"hash": {"$binary":{"base64":"Q4CtMnVJAQw6UkeP30fARL+uDUI=","subType":"00"}},"keyId": {"$numberLong":"7481394487701274629"}}},"$db": "django_auth"}
[MongoDB] 2025/07/19 09:49:21 database.go:60: Command Succeeded: find Duration: 215.454358ms
[MongoDB] 2025/07/19 09:49:23 database.go:54: Command Started: find {"find": "Users","filter": {"_id": {"$oid":"6878ccf237d12f33e0eca36c"}},"limit": {"$numberLong":"1"},"singleBatch": true,"lsid": {"id": {"$binary":{"base64":"CAJbVADUQvyjgv1RqfOHwg==","subType":"04"}}},"$clusterTime": {"clusterTime": {"$timestamp":{"t":1752907762,"i":1}},"signature": {"hash": {"$binary":{"base64":"2BiVUqHr1J6fAuAZQmSxanmqZF0=","subType":"00"}},"keyId": {"$numberLong":"7481394487701274629"}}},"$db": "django_auth"}
[MongoDB] 2025/07/19 09:49:23 database.go:60: Command Succeeded: find Duration: 221.86752ms
[MongoDB] 2025/07/19 09:49:36 database.go:54: Command Started: find {"find": "Users","filter": {"_id": {"$oid":"6878ccf237d12f33e0eca36c"}},"limit": {"$numberLong":"1"},"singleBatch": true,"lsid": {"id": {"$binary":{"base64":"XoyXLw+2TISyX5n0AnwFew==","subType":"04"}}},"$clusterTime": {"clusterTime": {"$timestamp":{"t":1752907775,"i":5}},"signature": {"hash": {"$binary":{"base64":"iYG2RgZc+d3iX9tjeQvAih+Q740=","subType":"00"}},"keyId": {"$numberLong":"7481394487701274629"}}},"$db": "django_auth"}
[MongoDB] 2025/07/19 09:49:36 database.go:60: Command Succeeded: find Duration: 306.964575ms
[MongoDB] 2025/07/19 09:49:38 database.go:54: Command Started: find {"find": "Users","filter": {"_id": {"$oid":"6878ccf237d12f33e0eca36c"}},"limit": {"$numberLong":"1"},"singleBatch": true,"lsid": {"id": {"$binary":{"base64":"7wdbXuCCTLOQ0jHlcT/VEg==","subType":"04"}}},"$clusterTime": {"clusterTime": {"$timestamp":{"t":1752907777,"i":4}},"signature": {"hash": {"$binary":{"base64":"fRa8zKhSplKNxQGn6KwNTk0qt8s=","subType":"00"}},"keyId": {"$numberLong":"7481394487701274629"}}},"$db": "django_auth"}
[MongoDB] 2025/07/19 09:49:38 database.go:60: Command Succeeded: find Duration: 214.4996ms
[MongoDB] 2025/07/19 09:49:40 database.go:54: Command Started: find {"find": "Users","filter": {"_id": {"$oid":"6878ccf237d12f33e0eca36c"}},"limit": {"$numberLong":"1"},"singleBatch": true,"lsid": {"id": {"$binary":{"base64":"sQWVuqKeQVCzmZMPUBXcog==","subType":"04"}}},"$clusterTime": {"clusterTime": {"$timestamp":{"t":1752907780,"i":1}},"signature": {"hash": {"$binary":{"base64":"2FxSnNyzW6G5k9Y9UXNjR51FZ3A=","subType":"00"}},"keyId": {"$numberLong":"7481394487701274629"}}},"$db": "django_auth"}
[MongoDB] 2025/07/19 09:49:40 database.go:60: Command Succeeded: find Duration: 212.33712ms
[MongoDB] 2025/07/19 09:50:24 database.go:54: Command Started: aggregate {"aggregate": "Users","pipeline": [{"$match": {}},{"$group": {"_id": {"$numberInt":"1"},"n": {"$sum": {"$numberInt":"1"}}}}],"cursor": {},"lsid": {"id": {"$binary":{"base64":"rATWvxtVTJujO4TMJh3/Fw==","subType":"04"}}},"$clusterTime": {"clusterTime": {"$timestamp":{"t":1752907823,"i":4}},"signature": {"hash": {"$binary":{"base64":"AdXKW8ud4yfQqgas+qBJQFaE+OA=","subType":"00"}},"keyId": {"$numberLong":"7481394487701274629"}}},"$db": "django_auth"}
[MongoDB] 2025/07/19 09:50:24 database.go:60: Command Succeeded: aggregate Duration: 220.647902ms
[MongoDB] 2025/07/19 09:50:24 database.go:54: Command Started: find {"find": "Users","filter": {},"limit": {"$numberLong":"12"},"skip": {"$numberLong":"0"},"lsid": {"id": {"$binary":{"base64":"rATWvxtVTJujO4TMJh3/Fw==","subType":"04"}}},"$clusterTime": {"clusterTime": {"$timestamp":{"t":1752907823,"i":5}},"signature": {"hash": {"$binary":{"base64":"AdXKW8ud4yfQqgas+qBJQFaE+OA=","subType":"00"}},"keyId": {"$numberLong":"7481394487701274629"}}},"$db": "django_auth"}
[MongoDB] 2025/07/19 09:50:24 database.go:60: Command Succeeded: find Duration: 220.417994ms
[MongoDB] 2025/07/19 09:52:47 database.go:54: Command Started: aggregate {"aggregate": "Users","pipeline": [{"$match": {}},{"$group": {"_id": {"$numberInt":"1"},"n": {"$sum": {"$numberInt":"1"}}}}],"cursor": {},"lsid": {"id": {"$binary":{"base64":"O4TNFm+LSMyWE/rU3DIBow==","subType":"04"}}},"$clusterTime": {"clusterTime": {"$timestamp":{"t":1752907967,"i":1}},"signature": {"hash": {"$binary":{"base64":"kG1tK+bmdtUhFL2o37FXbfIRut4=","subType":"00"}},"keyId": {"$numberLong":"7481394487701274629"}}},"$db": "django_auth"}
[MongoDB] 2025/07/19 09:52:47 database.go:60: Command Succeeded: aggregate Duration: 215.024933ms
[MongoDB] 2025/07/19 09:52:47 database.go:54: Command Started: find {"find": "Users","filter": {},"limit": {"$numberLong":"12"},"skip": {"$numberLong":"0"},"lsid": {"id": {"$binary":{"base64":"O4TNFm+LSMyWE/rU3DIBow==","subType":"04"}}},"$clusterTime": {"clusterTime": {"$timestamp":{"t":1752907967,"i":2}},"signature": {"hash": {"$binary":{"base64":"kG1tK+bmdtUhFL2o37FXbfIRut4=","subType":"00"}},"keyId": {"$numberLong":"7481394487701274629"}}},"$db": "django_auth"}
[MongoDB] 2025/07/19 09:52:48 database.go:60: Command Succeeded: find Duration: 219.260031ms
[MongoDB] 2025/07/19 09:52:52 database.go:54: Command Started: aggregate {"aggregate": "Users","pipeline": [{"$match": {}},{"$group": {"_id": {"$numberInt":"1"},"n": {"$sum": {"$numberInt":"1"}}}}],"cursor": {},"lsid": {"id": {"$binary":{"base64":"7DdXl8hMSrarmXkQjqJOmA==","subType":"04"}}},"$clusterTime": {"clusterTime": {"$timestamp":{"t":1752907971,"i":3}},"signature": {"hash": {"$binary":{"base64":"D1m/0vR/9abUCXLd/T0MDmee6+o=","subType":"00"}},"keyId": {"$numberLong":"7481394487701274629"}}},"$db": "django_auth"}
[MongoDB] 2025/07/19 09:52:52 database.go:60: Command Succeeded: aggregate Duration: 215.529115ms
[MongoDB] 2025/07/19 09:52:52 database.go:54: Command Started: find {"find": "Users","filter": {},"limit": {"$numberLong":"12"},"skip": {"$numberLong":"0"},"lsid": {"id": {"$binary":{"base64":"7DdXl8hMSrarmXkQjqJOmA==","subType":"04"}}},"$clusterTime": {"clusterTime": {"$timestamp":{"t":1752907972,"i":1}},"signature": {"hash": {"$binary":{"base64":"kW6yB46UW2JfBM/eU3qqB0U8N6M=","subType":"00"}},"keyId": {"$numberLong":"7481394487701274629"}}},"$db": "django_auth"}
[MongoDB] 2025/07/19 09:52:52 database.go:60: Command Succeeded: find Duration: 217.399729ms
[MongoDB] 2025/07/19 10:36:27 database.go:54: Command Started: aggregate {"aggregate": "Users","pipeline": [{"$match": {}},{"$group": {"_id": {"$numberInt":"1"},"n": {"$sum": {"$numberInt":"1"}}}}],"cursor": {},"lsid": {"id": {"$binary":{"base64":"bt1S3IB3RCGrCcWxbZ9UHg==","subType":"04"}}},"$clusterTime": {"clusterTime": {"$timestamp":{"t":1752910586,"i":3}},"signature": {"hash": {"$binary":{"base64":"tutNsbJ1IEauO6IU5uqBMJH+3fo=","subType":"00"}},"keyId": {"$numberLong":"7481394487701274629"}}},"$db": "django_auth"}
[MongoDB] 2025/07/19 10:36:27 database.go:60: Command Succeeded: aggregate Duration: 225.573454ms
[MongoDB] 2025/07/19 10:36:27 database.go:54: Command Started: find {"find": "Users","filter": {},"limit": {"$numberLong":"12"},"skip": {"$numberLong":"0"},"lsid": {"id": {"$binary":{"base64":"bt1S3IB3RCGrCcWxbZ9UHg==","subType":"04"}}},"$clusterTime": {"clusterTime": {"$timestamp":{"t":1752910587,"i":1}},"signature": {"hash": {"$binary":{"base64":"UWJSoxgqAQYNgL5TZhu5aJW0g1w=","subType":"00"}},"keyId": {"$numberLong":"7481394487701274629"}}},"$db": "django_auth"}
[MongoDB] 2025/07/19 10:36:27 database.go:60: Command Succeeded: find Duration: 231.983769ms
[MongoDB] 2025/07/19 10:36:27 database.go:54: Command Started: aggregate {"aggregate": "Users","pipeline": [{"$match": {}},{"$group": {"_id": {"$numberInt":"1"},"n": {"$sum": {"$numberInt":"1"}}}}],"cursor": {},"lsid": {"id": {"$binary":{"base64":"bt1S3IB3RCGrCcWxbZ9UHg==","subType":"04"}}},"$clusterTime": {"clusterTime": {"$timestamp":{"t":1752910587,"i":3}},"signature": {"hash": {"$binary":{"base64":"UWJSoxgqAQYNgL5TZhu5aJW0g1w=","subType":"00"}},"keyId": {"$numberLong":"7481394487701274629"}}},"$db": "django_auth"}
[MongoDB] 2025/07/19 10:36:28 database.go:60: Command Succeeded: aggregate Duration: 221.276131ms
[MongoDB] 2025/07/19 10:36:28 database.go:54: Command Started: find {"find": "Users","filter": {},"limit": {"$numberLong":"12"},"skip": {"$numberLong":"0"},"lsid": {"id": {"$binary":{"base64":"bt1S3IB3RCGrCcWxbZ9UHg==","subType":"04"}}},"$clusterTime": {"clusterTime": {"$timestamp":{"t":1752910587,"i":6}},"signature": {"hash": {"$binary":{"base64":"UWJSoxgqAQYNgL5TZhu5aJW0g1w=","subType":"00"}},"keyId": {"$numberLong":"7481394487701274629"}}},"$db": "django_auth"}
[MongoDB] 2025/07/19 10:36:28 database.go:60: Command Succeeded: find Duration: 219.972942ms
[MongoDB] 2025/07/19 10:36:29 database.go:54: Command Started: aggregate {"aggregate": "Users","pipeline": [{"$match": {}},{"$group": {"_id": {"$numberInt":"1"},"n": {"$sum": {"$numberInt":"1"}}}}],"cursor": {},"lsid": {"id": {"$binary":{"base64":"bt1S3IB3RCGrCcWxbZ9UHg==","subType":"04"}}},"$clusterTime": {"clusterTime": {"$timestamp":{"t":1752910587,"i":6}},"signature": {"hash": {"$binary":{"base64":"UWJSoxgqAQYNgL5TZhu5aJW0g1w=","subType":"00"}},"keyId": {"$numberLong":"7481394487701274629"}}},"$db": "django_auth"}
[MongoDB] 2025/07/19 10:36:29 database.go:60: Command Succeeded: aggregate Duration: 219.815464ms
[MongoDB] 2025/07/19 10:36:29 database.go:54: Command Started: find {"find": "Users","filter": {},"limit": {"$numberLong":"12"},"skip": {"$numberLong":"0"},"lsid": {"id": {"$binary":{"base64":"bt1S3IB3RCGrCcWxbZ9UHg==","subType":"04"}}},"$clusterTime": {"clusterTime": {"$timestamp":{"t":1752910589,"i":2}},"signature": {"hash": {"$binary":{"base64":"Hob5XjR9ZN8MnCPrlwxi+FE6gWE=","subType":"00"}},"keyId": {"$numberLong":"7481394487701274629"}}},"$db": "django_auth"}
[MongoDB] 2025/07/19 10:36:29 database.go:60: Command Succeeded: find Duration: 225.398138ms
[MongoDB] 2025/07/19 10:36:30 database.go:54: Command Started: aggregate {"aggregate": "Users","pipeline": [{"$match": {}},{"$group": {"_id": {"$numberInt":"1"},"n": {"$sum": {"$numberInt":"1"}}}}],"cursor": {},"lsid": {"id": {"$binary":{"base64":"bt1S3IB3RCGrCcWxbZ9UHg==","subType":"04"}}},"$clusterTime": {"clusterTime": {"$timestamp":{"t":1752910589,"i":4}},"signature": {"hash": {"$binary":{"base64":"Hob5XjR9ZN8MnCPrlwxi+FE6gWE=","subType":"00"}},"keyId": {"$numberLong":"7481394487701274629"}}},"$db": "django_auth"}
[MongoDB] 2025/07/19 10:36:30 database.go:60: Command Succeeded: aggregate Duration: 223.854645ms
[MongoDB] 2025/07/19 10:36:30 database.go:54: Command Started: find {"find": "Users","filter": {},"limit": {"$numberLong":"12"},"skip": {"$numberLong":"0"},"lsid": {"id": {"$binary":{"base64":"bt1S3IB3RCGrCcWxbZ9UHg==","subType":"04"}}},"$clusterTime": {"clusterTime": {"$timestamp":{"t":1752910590,"i":1}},"signature": {"hash": {"$binary":{"base64":"LffwYIUSMZjt+GWiF6m1GeqmP3w=","subType":"00"}},"keyId": {"$numberLong":"7481394487701274629"}}},"$db": "django_auth"}
[MongoDB] 2025/07/19 10:36:30 database.go:60: Command Succeeded: find Duration: 237.660722ms
[MongoDB] 2025/07/19 10:36:31 database.go:54: Command Started: aggregate {"aggregate": "Users","pipeline": [{"$match": {}},{"$group": {"_id": {"$numberInt":"1"},"n": {"$sum": {"$numberInt":"1"}}}}],"cursor": {},"lsid": {"id": {"$binary":{"base64":"bt1S3IB3RCGrCcWxbZ9UHg==","subType":"04"}}},"$clusterTime": {"clusterTime": {"$timestamp":{"t":1752910590,"i":2}},"signature": {"hash": {"$binary":{"base64":"LffwYIUSMZjt+GWiF6m1GeqmP3w=","subType":"00"}},"keyId": {"$numberLong":"7481394487701274629"}}},"$db": "django_auth"}
[MongoDB] 2025/07/19 10:36:31 database.go:60: Command Succeeded: aggregate Duration: 221.146858ms
[MongoDB] 2025/07/19 10:36:31 database.go:54: Command Started: find {"find": "Users","filter": {},"limit": {"$numberLong":"12"},"skip": {"$numberLong":"0"},"lsid": {"id": {"$binary":{"base64":"bt1S3IB3RCGrCcWxbZ9UHg==","subType":"04"}}},"$clusterTime": {"clusterTime": {"$timestamp":{"t":1752910590,"i":6}},"signature": {"hash": {"$binary":{"base64":"LffwYIUSMZjt+GWiF6m1GeqmP3w=","subType":"00"}},"keyId": {"$numberLong":"7481394487701274629"}}},"$db": "django_auth"}
[MongoDB] 2025/07/19 10:36:31 database.go:60: Command Succeeded: find Duration: 228.409973ms
[MongoDB] 2025/07/19 10:36:31 database.go:54: Command Started: aggregate {"aggregate": "Users","pipeline": [{"$match": {}},{"$group": {"_id": {"$numberInt":"1"},"n": {"$sum": {"$numberInt":"1"}}}}],"cursor": {},"lsid": {"id": {"$binary":{"base64":"bt1S3IB3RCGrCcWxbZ9UHg==","subType":"04"}}},"$clusterTime": {"clusterTime": {"$timestamp":{"t":1752910590,"i":6}},"signature": {"hash": {"$binary":{"base64":"LffwYIUSMZjt+GWiF6m1GeqmP3w=","subType":"00"}},"keyId": {"$numberLong":"7481394487701274629"}}},"$db": "django_auth"}
[MongoDB] 2025/07/19 10:36:32 database.go:60: Command Succeeded: aggregate Duration: 232.130577ms
[MongoDB] 2025/07/19 10:36:32 database.go:54: Command Started: find {"find": "Users","filter": {},"limit": {"$numberLong":"12"},"skip": {"$numberLong":"0"},"lsid": {"id": {"$binary":{"base64":"bt1S3IB3RCGrCcWxbZ9UHg==","subType":"04"}}},"$clusterTime": {"clusterTime": {"$timestamp":{"t":1752910592,"i":1}},"signature": {"hash": {"$binary":{"base64":"CYrek6ccZ32HJwlnwiTr40Xz8Z8=","subType":"00"}},"keyId": {"$numberLong":"7481394487701274629"}}},"$db": "django_auth"}
[MongoDB] 2025/07/19 10:36:32 database.go:60: Command Succeeded: find Duration: 263.745329ms
[MongoDB] 2025/07/19 10:37:36 database.go:54: Command Started: aggregate {"aggregate": "Permissions","pipeline": [{"$match": {}},{"$group": {"_id": {"$numberInt":"1"},"n": {"$sum": {"$numberInt":"1"}}}}],"cursor": {},"lsid": {"id": {"$binary":{"base64":"bt1S3IB3RCGrCcWxbZ9UHg==","subType":"04"}}},"$clusterTime": {"clusterTime": {"$timestamp":{"t":1752910647,"i":4}},"signature": {"hash": {"$binary":{"base64":"GjJmd2v0kmXMPkLIq1DOBrUlp5k=","subType":"00"}},"keyId": {"$numberLong":"7481394487701274629"}}},"$db": "django_auth"}
[MongoDB] 2025/07/19 10:37:36 database.go:60: Command Succeeded: aggregate Duration: 223.096444ms
[MongoDB] 2025/07/19 10:37:36 database.go:54: Command Started: find {"find": "Permissions","filter": {},"limit": {"$numberLong":"2"},"skip": {"$numberLong":"0"},"lsid": {"id": {"$binary":{"base64":"bt1S3IB3RCGrCcWxbZ9UHg==","subType":"04"}}},"$clusterTime": {"clusterTime": {"$timestamp":{"t":1752910656,"i":7}},"signature": {"hash": {"$binary":{"base64":"YPXfpdrFUU71/xsVEypBYV4t0Fg=","subType":"00"}},"keyId": {"$numberLong":"7481394487701274629"}}},"$db": "django_auth"}
[MongoDB] 2025/07/19 10:37:36 database.go:60: Command Succeeded: find Duration: 219.739732ms
[MongoDB] 2025/07/19 10:37:52 database.go:54: Command Started: aggregate {"aggregate": "Groups","pipeline": [{"$match": {}},{"$group": {"_id": {"$numberInt":"1"},"n": {"$sum": {"$numberInt":"1"}}}}],"cursor": {},"lsid": {"id": {"$binary":{"base64":"bt1S3IB3RCGrCcWxbZ9UHg==","subType":"04"}}},"$clusterTime": {"clusterTime": {"$timestamp":{"t":1752910667,"i":4}},"signature": {"hash": {"$binary":{"base64":"kjhh1dIARkQjRtPswOW4XN4CZy8=","subType":"00"}},"keyId": {"$numberLong":"7481394487701274629"}}},"$db": "django_auth"}
[MongoDB] 2025/07/19 10:37:52 database.go:60: Command Succeeded: aggregate Duration: 224.515398ms
[MongoDB] 2025/07/19 10:37:52 database.go:54: Command Started: find {"find": "Groups","filter": {},"limit": {"$numberLong":"20"},"skip": {"$numberLong":"0"},"lsid": {"id": {"$binary":{"base64":"bt1S3IB3RCGrCcWxbZ9UHg==","subType":"04"}}},"$clusterTime": {"clusterTime": {"$timestamp":{"t":1752910672,"i":4}},"signature": {"hash": {"$binary":{"base64":"ZJy+JDfAQEKGzi9K6bDJVVWcnCI=","subType":"00"}},"keyId": {"$numberLong":"7481394487701274629"}}},"$db": "django_auth"}
[MongoDB] 2025/07/19 10:37:53 database.go:60: Command Succeeded: find Duration: 220.127503ms
[MongoDB] 2025/07/19 19:42:35 database.go:54: Command Started: aggregate {"aggregate": "Users","pipeline": [{"$match": {}},{"$group": {"_id": {"$numberInt":"1"},"n": {"$sum": {"$numberInt":"1"}}}}],"cursor": {},"lsid": {"id": {"$binary":{"base64":"0JzGrUBRRQShTuVyImP9JA==","subType":"04"}}},"$clusterTime": {"clusterTime": {"$timestamp":{"t":1752943351,"i":3}},"signature": {"hash": {"$binary":{"base64":"7kJlZsq0jijQx3pCfEagv+BeZ6s=","subType":"00"}},"keyId": {"$numberLong":"7481394487701274629"}}},"$db": "django_auth"}
[MongoDB] 2025/07/19 19:42:35 database.go:60: Command Succeeded: aggregate Duration: 171.520367ms
[MongoDB] 2025/07/19 19:42:35 database.go:54: Command Started: find {"find": "Users","filter": {},"limit": {"$numberLong":"20"},"skip": {"$numberLong":"0"},"lsid": {"id": {"$binary":{"base64":"0JzGrUBRRQShTuVyImP9JA==","subType":"04"}}},"$clusterTime": {"clusterTime": {"$timestamp":{"t":1752943355,"i":1}},"signature": {"hash": {"$binary":{"base64":"R14PBU2/+7/zU85rLQm6eqCZBsM=","subType":"00"}},"keyId": {"$numberLong":"7481394487701274629"}}},"$db": "django_auth"}
[MongoDB] 2025/07/19 19:42:35 database.go:60: Command Succeeded: find Duration: 185.653123ms
[MongoDB] 2025/07/19 19:42:56 database.go:54: Command Started: find {"find": "Users","filter": {"_id": {"$oid":"6878b39f0cbd8a1b8b4f091f"}},"limit": {"$numberLong":"1"},"singleBatch": true,"lsid": {"id": {"$binary":{"base64":"0JzGrUBRRQShTuVyImP9JA==","subType":"04"}}},"$clusterTime": {"clusterTime": {"$timestamp":{"t":1752943371,"i":1}},"signature": {"hash": {"$binary":{"base64":"AAvPILzc37+5L0x/0ueUvJ+iO+4=","subType":"00"}},"keyId": {"$numberLong":"7481394487701274629"}}},"$db": "django_auth"}
[MongoDB] 2025/07/19 19:42:56 database.go:60: Command Succeeded: find Duration: 242.291123ms
[MongoDB] 2025/07/19 19:44:09 database.go:54: Command Started: find {"find": "Users","filter": {"_id": {"$oid":"6878ccf237d12f33e0eca36c"}},"limit": {"$numberLong":"1"},"singleBatch": true,"lsid": {"id": {"$binary":{"base64":"8iNxT4q0RhSbYHGCk00y5A==","subType":"04"}}},"$clusterTime": {"clusterTime": {"$timestamp":{"t":1752943448,"i":5}},"signature": {"hash": {"$binary":{"base64":"VChr7acPkNOLq7XbtgBGOeAVtxQ=","subType":"00"}},"keyId": {"$numberLong":"7481394487701274629"}}},"$db": "django_auth"}
[MongoDB] 2025/07/19 19:44:09 database.go:60: Command Succeeded: find Duration: 176.554625ms
[MongoDB] 2025/07/19 19:44:16 database.go:54: Command Started: aggregate {"aggregate": "Users","pipeline": [{"$match": {}},{"$group": {"_id": {"$numberInt":"1"},"n": {"$sum": {"$numberInt":"1"}}}}],"cursor": {},"lsid": {"id": {"$binary":{"base64":"8iNxT4q0RhSbYHGCk00y5A==","subType":"04"}}},"$clusterTime": {"clusterTime": {"$timestamp":{"t":1752943449,"i":2}},"signature": {"hash": {"$binary":{"base64":"n/0K0g2NWUl3aUJZv4wWox05IJc=","subType":"00"}},"keyId": {"$numberLong":"7481394487701274629"}}},"$db": "django_auth"}
[MongoDB] 2025/07/19 19:44:16 database.go:60: Command Succeeded: aggregate Duration: 172.731346ms
[MongoDB] 2025/07/19 19:44:16 database.go:54: Command Started: find {"find": "Users","filter": {},"limit": {"$numberLong":"20"},"skip": {"$numberLong":"0"},"lsid": {"id": {"$binary":{"base64":"8iNxT4q0RhSbYHGCk00y5A==","subType":"04"}}},"$clusterTime": {"clusterTime": {"$timestamp":{"t":1752943455,"i":8}},"signature": {"hash": {"$binary":{"base64":"TozXGwN7ljZY0Q99M/UsJyhpxUA=","subType":"00"}},"keyId": {"$numberLong":"7481394487701274629"}}},"$db": "django_auth"}
[MongoDB] 2025/07/19 19:44:16 database.go:60: Command Succeeded: find Duration: 182.662263ms
[MongoDB] 2025/07/19 19:46:39 database.go:54: Command Started: insert {"insert": "Groups","ordered": true,"writeConcern": {"w": "majorit"},"lsid": {"id": {"$binary":{"base64":"pLqrz/JMR+i0oAjiWafrXA==","subType":"04"}}},"txnNumber": {"$numberLong":"1"},"$clusterTime": {"clusterTime": {"$timestamp":{"t":1752943589,"i":2}},"signature": {"hash": {"$binary":{"base64":"LEW6Ygrhw6rnkEYVlU7MPhkq3tY=","subType":"00"}},"keyId": {"$numberLong":"7481394487701274629"}}},"$db": "django_auth","documents": [{"_id": {"$oid":"687bcbef37a13b3d06a3b025"},"name": "for delete","permission_ids": null,"created_at": {"$date":{"$numberLong":"1752943599026"}}}]}
[MongoDB] 2025/07/19 19:46:39 database.go:60: Command Succeeded: insert Duration: 171.684747ms
[MongoDB] 2025/07/19 19:51:59 database.go:54: Command Started: insert {"insert": "Groups","ordered": true,"writeConcern": {"w": "majority"},"lsid": {"id": {"$binary":{"base64":"l03uIwN/R0ysA1ERvOe2uw==","subType":"04"}}},"txnNumber": {"$numberLong":"1"},"$clusterTime": {"clusterTime": {"$timestamp":{"t":1752943915,"i":3}},"signature": {"hash": {"$binary":{"base64":"pRxoi6vGBGB7+b1vjy9yiB9hSs0=","subType":"00"}},"keyId": {"$numberLong":"7481394487701274629"}}},"$db": "django_auth","documents": [{"_id": {"$oid":"687bcd2f470f091f3210cb08"},"name": "for delete","permission_ids": null,"created_at": {"$date":{"$numberLong":"1752943919923"}}}]}
[MongoDB] 2025/07/19 19:52:00 database.go:60: Command Succeeded: insert Duration: 188.841531ms
[MongoDB] 2025/07/19 19:54:02 database.go:54: Command Started: insert {"insert": "Groups","ordered": true,"writeConcern": {"w": "majority"},"lsid": {"id": {"$binary":{"base64":"ynMLIpvlQ/qJIaQ04wPkMg==","subType":"04"}}},"txnNumber": {"$numberLong":"1"},"$clusterTime": {"clusterTime": {"$timestamp":{"t":1752944041,"i":34}},"signature": {"hash": {"$binary":{"base64":"FxTkCN+Al9uns9ziGaH+LliRyh4=","subType":"00"}},"keyId": {"$numberLong":"7481394487701274629"}}},"$db": "django_auth","documents": [{"_id": {"$oid":"687bcdaa757c92f544a7696f"},"name": "For Update","permission_ids": null,"created_at": {"$date":{"$numberLong":"1752944042476"}}}]}
[MongoDB] 2025/07/19 19:54:02 database.go:60: Command Succeeded: insert Duration: 168.257795ms
[MongoDB] 2025/07/19 19:54:24 database.go:54: Command Started: aggregate {"aggregate": "Groups","pipeline": [{"$match": {}},{"$group": {"_id": {"$numberInt":"1"},"n": {"$sum": {"$numberInt":"1"}}}}],"cursor": {},"lsid": {"id": {"$binary":{"base64":"zN4aMx6BRe2p3r+4BVevHg==","subType":"04"}}},"$clusterTime": {"clusterTime": {"$timestamp":{"t":1752944061,"i":28}},"signature": {"hash": {"$binary":{"base64":"jGoPbk/34fDn50NncLy9CXF3++c=","subType":"00"}},"keyId": {"$numberLong":"7481394487701274629"}}},"$db": "django_auth"}
[MongoDB] 2025/07/19 19:54:24 database.go:60: Command Succeeded: aggregate Duration: 192.831329ms
[MongoDB] 2025/07/19 19:54:24 database.go:54: Command Started: find {"find": "Groups","filter": {},"limit": {"$numberLong":"20"},"skip": {"$numberLong":"0"},"lsid": {"id": {"$binary":{"base64":"zN4aMx6BRe2p3r+4BVevHg==","subType":"04"}}},"$clusterTime": {"clusterTime": {"$timestamp":{"t":1752944064,"i":4}},"signature": {"hash": {"$binary":{"base64":"VnFSIIVJk+IZ7HDRn7/f2cAoCkk=","subType":"00"}},"keyId": {"$numberLong":"7481394487701274629"}}},"$db": "django_auth"}
[MongoDB] 2025/07/19 19:54:24 database.go:60: Command Succeeded: find Duration: 314.601165ms
[MongoDB] 2025/07/19 19:55:08 database.go:54: Command Started: delete {"delete": "Groups","ordered": true,"writeConcern": {"w": "majority"},"lsid": {"id": {"$binary":{"base64":"ynMLIpvlQ/qJIaQ04wPkMg==","subType":"04"}}},"txnNumber": {"$numberLong":"2"},"$clusterTime": {"clusterTime": {"$timestamp":{"t":1752944101,"i":17}},"signature": {"hash": {"$binary":{"base64":"JIP3xEJgli2yUlniPANRshDndQ4=","subType":"00"}},"keyId": {"$numberLong":"7481394487701274629"}}},"$db": "django_auth","deletes": [{"q": {"_id": {"$oid":"687bcdaa757c92f544a7696f"}},"limit": {"$numberInt":"1"}}]}
[MongoDB] 2025/07/19 19:55:08 database.go:60: Command Succeeded: delete Duration: 209.659696ms
[MongoDB] 2025/07/19 19:55:22 database.go:54: Command Started: aggregate {"aggregate": "Groups","pipeline": [{"$match": {}},{"$group": {"_id": {"$numberInt":"1"},"n": {"$sum": {"$numberInt":"1"}}}}],"cursor": {},"lsid": {"id": {"$binary":{"base64":"zN4aMx6BRe2p3r+4BVevHg==","subType":"04"}}},"$clusterTime": {"clusterTime": {"$timestamp":{"t":1752944121,"i":30}},"signature": {"hash": {"$binary":{"base64":"/fQu4OVf2t4t/QUfkv+dKQq6N44=","subType":"00"}},"keyId": {"$numberLong":"7481394487701274629"}}},"$db": "django_auth"}
[MongoDB] 2025/07/19 19:55:22 database.go:60: Command Succeeded: aggregate Duration: 174.4544ms
[MongoDB] 2025/07/19 19:55:22 database.go:54: Command Started: find {"find": "Groups","filter": {},"limit": {"$numberLong":"20"},"skip": {"$numberLong":"0"},"lsid": {"id": {"$binary":{"base64":"zN4aMx6BRe2p3r+4BVevHg==","subType":"04"}}},"$clusterTime": {"clusterTime": {"$timestamp":{"t":1752944122,"i":1}},"signature": {"hash": {"$binary":{"base64":"I6t7BoX5XcapbI0ShYrZ7cIInO8=","subType":"00"}},"keyId": {"$numberLong":"7481394487701274629"}}},"$db": "django_auth"}
[MongoDB] 2025/07/19 19:55:22 database.go:60: Command Succeeded: find Duration: 182.500233ms
[MongoDB] 2025/07/19 19:55:29 database.go:54: Command Started: aggregate {"aggregate": "Groups","pipeline": [{"$match": {}},{"$group": {"_id": {"$numberInt":"1"},"n": {"$sum": {"$numberInt":"1"}}}}],"cursor": {},"lsid": {"id": {"$binary":{"base64":"zN4aMx6BRe2p3r+4BVevHg==","subType":"04"}}},"$clusterTime": {"clusterTime": {"$timestamp":{"t":1752944122,"i":1}},"signature": {"hash": {"$binary":{"base64":"I6t7BoX5XcapbI0ShYrZ7cIInO8=","subType":"00"}},"keyId": {"$numberLong":"7481394487701274629"}}},"$db": "django_auth"}
[MongoDB] 2025/07/19 19:55:29 database.go:60: Command Succeeded: aggregate Duration: 163.517093ms
[MongoDB] 2025/07/19 19:55:29 database.go:54: Command Started: find {"find": "Groups","filter": {},"limit": {"$numberLong":"20"},"skip": {"$numberLong":"0"},"lsid": {"id": {"$binary":{"base64":"zN4aMx6BRe2p3r+4BVevHg==","subType":"04"}}},"$clusterTime": {"clusterTime": {"$timestamp":{"t":1752944129,"i":1}},"signature": {"hash": {"$binary":{"base64":"YqhULVOaM3V6A2COpOkXvnUYvik=","subType":"00"}},"keyId": {"$numberLong":"7481394487701274629"}}},"$db": "django_auth"}
[MongoDB] 2025/07/19 19:55:29 database.go:60: Command Succeeded: find Duration: 154.777794ms
[MongoDB] 2025/07/19 19:56:17 database.go:54: Command Started: update {"update": "Groups","ordered": true,"writeConcern": {"w": "majority"},"lsid": {"id": {"$binary":{"base64":"ynMLIpvlQ/qJIaQ04wPkMg==","subType":"04"}}},"txnNumber": {"$numberLong":"3"},"$clusterTime": {"clusterTime": {"$timestamp":{"t":1752944170,"i":4}},"signature": {"hash": {"$binary":{"base64":"SOq4pbkckuRiGfZrxoY5mwvbzEs=","subType":"00"}},"keyId": {"$numberLong":"7481394487701274629"}}},"$db": "django_auth","updates": [{"q": {"_id": {"$oid":"687bcd2f470f091f3210cb08"}},"u": {"$set": {"updated_at": {"$date":{"$numberLong":"1752944177925"}},"name": "updated already"}}}]}
[MongoDB] 2025/07/19 19:56:18 database.go:60: Command Succeeded: update Duration: 223.632755ms
[MongoDB] 2025/07/19 19:56:31 database.go:54: Command Started: aggregate {"aggregate": "Groups","pipeline": [{"$match": {}},{"$group": {"_id": {"$numberInt":"1"},"n": {"$sum": {"$numberInt":"1"}}}}],"cursor": {},"lsid": {"id": {"$binary":{"base64":"zN4aMx6BRe2p3r+4BVevHg==","subType":"04"}}},"$clusterTime": {"clusterTime": {"$timestamp":{"t":1752944191,"i":3}},"signature": {"hash": {"$binary":{"base64":"1nuLMMlbt831jDIrjtJM6QJw4TI=","subType":"00"}},"keyId": {"$numberLong":"7481394487701274629"}}},"$db": "django_auth"}
[MongoDB] 2025/07/19 19:56:31 database.go:60: Command Succeeded: aggregate Duration: 187.615178ms
[MongoDB] 2025/07/19 19:56:31 database.go:54: Command Started: find {"find": "Groups","filter": {},"limit": {"$numberLong":"20"},"skip": {"$numberLong":"0"},"lsid": {"id": {"$binary":{"base64":"zN4aMx6BRe2p3r+4BVevHg==","subType":"04"}}},"$clusterTime": {"clusterTime": {"$timestamp":{"t":1752944191,"i":7}},"signature": {"hash": {"$binary":{"base64":"1nuLMMlbt831jDIrjtJM6QJw4TI=","subType":"00"}},"keyId": {"$numberLong":"7481394487701274629"}}},"$db": "django_auth"}
[MongoDB] 2025/07/19 19:56:32 database.go:60: Command Succeeded: find Duration: 180.635225ms
[MongoDB] 2025/07/19 19:56:55 database.go:54: Command Started: find {"find": "Groups","filter": {"_id": {"$oid":"687bcbef37a13b3d06a3b025"}},"limit": {"$numberLong":"1"},"singleBatch": true,"lsid": {"id": {"$binary":{"base64":"zN4aMx6BRe2p3r+4BVevHg==","subType":"04"}}},"$clusterTime": {"clusterTime": {"$timestamp":{"t":1752944211,"i":4}},"signature": {"hash": {"$binary":{"base64":"BrCdaP24FQKycu7lSsbTY3FCIhk=","subType":"00"}},"keyId": {"$numberLong":"7481394487701274629"}}},"$db": "django_auth"}
[MongoDB] 2025/07/19 19:56:55 database.go:60: Command Succeeded: find Duration: 168.503217ms
[MongoDB] 2025/07/19 19:57:45 database.go:54: Command Started: delete {"delete": "Groups","ordered": true,"writeConcern": {"w": "majority"},"lsid": {"id": {"$binary":{"base64":"ynMLIpvlQ/qJIaQ04wPkMg==","subType":"04"}}},"txnNumber": {"$numberLong":"4"},"$clusterTime": {"clusterTime": {"$timestamp":{"t":1752944261,"i":29}},"signature": {"hash": {"$binary":{"base64":"E+aKwgvEp+hRNLA4wnWN0voVaiQ=","subType":"00"}},"keyId": {"$numberLong":"7481394487701274629"}}},"$db": "django_auth","deletes": [{"q": {"_id": {"$oid":"687bcbef37a13b3d06a3b025"}},"limit": {"$numberInt":"1"}}]}
[MongoDB] 2025/07/19 19:57:45 database.go:60: Command Succeeded: delete Duration: 165.059259ms
[MongoDB] 2025/07/19 19:57:54 database.go:54: Command Started: aggregate {"aggregate": "Groups","pipeline": [{"$match": {}},{"$group": {"_id": {"$numberInt":"1"},"n": {"$sum": {"$numberInt":"1"}}}}],"cursor": {},"lsid": {"id": {"$binary":{"base64":"zN4aMx6BRe2p3r+4BVevHg==","subType":"04"}}},"$clusterTime": {"clusterTime": {"$timestamp":{"t":1752944270,"i":6}},"signature": {"hash": {"$binary":{"base64":"hv2EyiEOJeHjb5SvwPEzNfiE++o=","subType":"00"}},"keyId": {"$numberLong":"7481394487701274629"}}},"$db": "django_auth"}
[MongoDB] 2025/07/19 19:57:54 database.go:60: Command Succeeded: aggregate Duration: 196.926009ms
[MongoDB] 2025/07/19 19:57:54 database.go:54: Command Started: find {"find": "Groups","filter": {},"limit": {"$numberLong":"20"},"skip": {"$numberLong":"0"},"lsid": {"id": {"$binary":{"base64":"zN4aMx6BRe2p3r+4BVevHg==","subType":"04"}}},"$clusterTime": {"clusterTime": {"$timestamp":{"t":1752944273,"i":6}},"signature": {"hash": {"$binary":{"base64":"zVfxMtpr7uUnjZ1hbogvQhoWXBE=","subType":"00"}},"keyId": {"$numberLong":"7481394487701274629"}}},"$db": "django_auth"}
[MongoDB] 2025/07/19 19:57:54 database.go:60: Command Succeeded: find Duration: 153.480743ms
[MongoDB] 2025/07/19 19:58:08 database.go:54: Command Started: find {"find": "Groups","filter": {"_id": {"$oid":"687bcd2f470f091f3210cb08"}},"limit": {"$numberLong":"1"},"singleBatch": true,"lsid": {"id": {"$binary":{"base64":"zN4aMx6BRe2p3r+4BVevHg==","subType":"04"}}},"$clusterTime": {"clusterTime": {"$timestamp":{"t":1752944281,"i":30}},"signature": {"hash": {"$binary":{"base64":"H7qbVzEhQafyHiY9PWHyp8T5ZkY=","subType":"00"}},"keyId": {"$numberLong":"7481394487701274629"}}},"$db": "django_auth"}
[MongoDB] 2025/07/19 19:58:08 database.go:60: Command Succeeded: find Duration: 160.05382ms
[MongoDB] 2025/07/19 19:58:26 database.go:54: Command Started: update {"update": "Groups","ordered": true,"writeConcern": {"w": "majority"},"lsid": {"id": {"$binary":{"base64":"ynMLIpvlQ/qJIaQ04wPkMg==","subType":"04"}}},"txnNumber": {"$numberLong":"5"},"$clusterTime": {"clusterTime": {"$timestamp":{"t":1752944301,"i":31}},"signature": {"hash": {"$binary":{"base64":"f1V+mu2mZKVbwSwWElOZfpEZDBA=","subType":"00"}},"keyId": {"$numberLong":"7481394487701274629"}}},"$db": "django_auth","updates": [{"q": {"_id": {"$oid":"687bcd2f470f091f3210cb08"}},"u": {"$set": {"name": "updated again","updated_at": {"$date":{"$numberLong":"1752944306516"}}}}}]}
[MongoDB] 2025/07/19 19:58:26 database.go:60: Command Succeeded: update Duration: 161.500388ms
[MongoDB] 2025/07/19 19:58:42 database.go:54: Command Started: update {"update": "Groups","ordered": true,"writeConcern": {"w": "majority"},"lsid": {"id": {"$binary":{"base64":"ynMLIpvlQ/qJIaQ04wPkMg==","subType":"04"}}},"txnNumber": {"$numberLong":"6"},"$clusterTime": {"clusterTime": {"$timestamp":{"t":1752944321,"i":2}},"signature": {"hash": {"$binary":{"base64":"tYyJRoe5cSmcpcw5vTojw0S35Zs=","subType":"00"}},"keyId": {"$numberLong":"7481394487701274629"}}},"$db": "django_auth","updates": [{"q": {"_id": {"$oid":"687bcd2f470f091f3210cb08"}},"u": {"$set": {"name": "updated again","updated_at": {"$date":{"$numberLong":"1752944322576"}}}}}]}
[MongoDB] 2025/07/19 19:58:42 database.go:60: Command Succeeded: update Duration: 163.834192ms
